INFO - 2025-02-18 12:56:22,888 - Starting application...
INFO - 2025-02-18 13:52:29,259 - Received registration request for 999-999-999
ERROR - 2025-02-18 13:52:29,259 - Registration error: Meter ID 999-999-999 already exists
INFO - 2025-02-18 13:52:45,385 - Received meter reading request for meter ID: 999-999-999 at timestamp: 2025-01-01 00:00:00
INFO - 2025-02-18 13:52:45,385 - Meter reading recorded successfully: 999-999-999, 2025-01-01 00:00:00, 0.05
INFO - 2025-02-18 13:52:45,385 - Meter reading successfully recorded for meter ID: 999-999-999
INFO - 2025-02-18 13:53:00,341 - Received meter reading request for meter ID: 999-999-999 at timestamp: 2025-01-01 01:00:00
INFO - 2025-02-18 13:53:00,341 - Meter reading recorded successfully: 999-999-999, 2025-01-01 01:00:00, 0.09
INFO - 2025-02-18 13:53:00,341 - Meter reading successfully recorded for meter ID: 999-999-999
INFO - 2025-02-18 13:53:13,583 - Received meter reading request for meter ID: 999-999-999 at timestamp: 2025-01-01 23:30:00
INFO - 2025-02-18 13:53:13,583 - Meter reading recorded successfully: 999-999-999, 2025-01-01 23:30:00, 6.27
INFO - 2025-02-18 13:53:13,583 - Meter reading successfully recorded for meter ID: 999-999-999
INFO - 2025-02-18 13:53:24,367 - Received meter reading request for meter ID: 999-999-999 at timestamp: 2025-01-15 00:00:00
INFO - 2025-02-18 13:53:24,367 - Meter reading recorded successfully: 999-999-999, 2025-01-15 00:00:00, 6.35
INFO - 2025-02-18 13:53:24,367 - Meter reading successfully recorded for meter ID: 999-999-999
INFO - 2025-02-18 13:53:33,353 - Received meter reading request for meter ID: 999-999-999 at timestamp: 2025-01-15 01:00:00
INFO - 2025-02-18 13:53:33,355 - Meter reading recorded successfully: 999-999-999, 2025-01-15 01:00:00, 6.41
INFO - 2025-02-18 13:53:33,355 - Meter reading successfully recorded for meter ID: 999-999-999
INFO - 2025-02-18 13:53:41,877 - Received meter reading request for meter ID: 999-999-999 at timestamp: 2025-01-15 23:30:00
INFO - 2025-02-18 13:53:41,877 - Meter reading recorded successfully: 999-999-999, 2025-01-15 23:30:00, 12.81
INFO - 2025-02-18 13:53:41,877 - Meter reading successfully recorded for meter ID: 999-999-999
INFO - 2025-02-18 13:53:59,912 - Received meter reading request for meter ID: 999-999-999 at timestamp: 2025-01-31 00:00:00
INFO - 2025-02-18 13:53:59,912 - Meter reading recorded successfully: 999-999-999, 2025-01-31 00:00:00, 12.83
INFO - 2025-02-18 13:53:59,912 - Meter reading successfully recorded for meter ID: 999-999-999
INFO - 2025-02-18 13:54:08,372 - Received meter reading request for meter ID: 999-999-999 at timestamp: 2025-01-31 01:00:00
INFO - 2025-02-18 13:54:08,374 - Meter reading recorded successfully: 999-999-999, 2025-01-31 01:00:00, 12.87
INFO - 2025-02-18 13:54:08,374 - Meter reading successfully recorded for meter ID: 999-999-999
INFO - 2025-02-18 13:54:17,321 - Received meter reading request for meter ID: 999-999-999 at timestamp: 2025-01-31 23:30:00
INFO - 2025-02-18 13:54:17,323 - Meter reading recorded successfully: 999-999-999, 2025-01-31 23:30:00, 19.05
INFO - 2025-02-18 13:54:17,323 - Meter reading successfully recorded for meter ID: 999-999-999
INFO - 2025-02-18 13:54:26,011 - Received meter reading request for meter ID: 999-999-999 at timestamp: 2025-02-01 00:00:00
INFO - 2025-02-18 13:54:26,011 - Meter reading recorded successfully: 999-999-999, 2025-02-01 00:00:00, 19.15
INFO - 2025-02-18 13:54:26,011 - Meter reading successfully recorded for meter ID: 999-999-999
INFO - 2025-02-18 13:54:38,824 - Received meter reading request for meter ID: 999-999-999 at timestamp: 2025-02-01 01:00:00
INFO - 2025-02-18 13:54:38,827 - Meter reading recorded successfully: 999-999-999, 2025-02-01 01:00:00, 19.24
INFO - 2025-02-18 13:54:38,828 - Meter reading successfully recorded for meter ID: 999-999-999
INFO - 2025-02-18 13:58:54,632 - Received registration request for 999-999-999
ERROR - 2025-02-18 13:58:54,632 - Registration error: Meter ID 999-999-999 already exists
INFO - 2025-02-18 13:58:54,635 - Demo account already exists or registration failed
INFO - 2025-02-18 13:58:54,635 - Demo account already exists or registration failed
INFO - 2025-02-18 13:58:54,678 - Successfully loaded 31 readings from meter_readings_ref.csv
INFO - 2025-02-18 13:58:54,678 - Successfully loaded 31 readings from meter_readings_ref.csv
INFO - 2025-02-18 13:58:54,688 - Received meter reading request for meter ID: 999-999-999 at timestamp: 2025-01-01 00:00:00
INFO - 2025-02-18 13:58:54,691 - Meter reading recorded successfully: 999-999-999, 2025-01-01 00:00:00, 0.05
INFO - 2025-02-18 13:58:54,692 - Meter reading successfully recorded for meter ID: 999-999-999
INFO - 2025-02-18 13:58:54,697 - Successfully sent reading: 999-999-999, 2025-01-01T00:00:00, 0.05
INFO - 2025-02-18 13:58:54,697 - Successfully sent reading: 999-999-999, 2025-01-01T00:00:00, 0.05
INFO - 2025-02-18 13:58:55,209 - Received meter reading request for meter ID: 999-999-999 at timestamp: 2025-01-01 01:00:00
INFO - 2025-02-18 13:58:55,210 - Meter reading recorded successfully: 999-999-999, 2025-01-01 01:00:00, 0.09
INFO - 2025-02-18 13:58:55,211 - Meter reading successfully recorded for meter ID: 999-999-999
INFO - 2025-02-18 13:58:55,214 - Successfully sent reading: 999-999-999, 2025-01-01T01:00:00, 0.09
INFO - 2025-02-18 13:58:55,214 - Successfully sent reading: 999-999-999, 2025-01-01T01:00:00, 0.09
INFO - 2025-02-18 13:58:55,717 - Received meter reading request for meter ID: 999-999-999 at timestamp: 2025-01-01 23:30:00
INFO - 2025-02-18 13:58:55,717 - Meter reading recorded successfully: 999-999-999, 2025-01-01 23:30:00, 6.27
INFO - 2025-02-18 13:58:55,717 - Meter reading successfully recorded for meter ID: 999-999-999
INFO - 2025-02-18 13:58:55,717 - Successfully sent reading: 999-999-999, 2025-01-01T23:30:00, 6.27
INFO - 2025-02-18 13:58:55,717 - Successfully sent reading: 999-999-999, 2025-01-01T23:30:00, 6.27
INFO - 2025-02-18 13:58:56,229 - Received meter reading request for meter ID: 999-999-999 at timestamp: 2025-01-15 00:00:00
INFO - 2025-02-18 13:58:56,231 - Meter reading recorded successfully: 999-999-999, 2025-01-15 00:00:00, 6.35
INFO - 2025-02-18 13:58:56,232 - Meter reading successfully recorded for meter ID: 999-999-999
INFO - 2025-02-18 13:58:56,235 - Successfully sent reading: 999-999-999, 2025-01-15T00:00:00, 6.35
INFO - 2025-02-18 13:58:56,235 - Successfully sent reading: 999-999-999, 2025-01-15T00:00:00, 6.35
INFO - 2025-02-18 13:58:56,741 - Received meter reading request for meter ID: 999-999-999 at timestamp: 2025-01-15 01:00:00
INFO - 2025-02-18 13:58:56,741 - Meter reading recorded successfully: 999-999-999, 2025-01-15 01:00:00, 6.41
INFO - 2025-02-18 13:58:56,745 - Meter reading successfully recorded for meter ID: 999-999-999
INFO - 2025-02-18 13:58:56,745 - Successfully sent reading: 999-999-999, 2025-01-15T01:00:00, 6.41
INFO - 2025-02-18 13:58:56,745 - Successfully sent reading: 999-999-999, 2025-01-15T01:00:00, 6.41
INFO - 2025-02-18 13:58:57,255 - Received meter reading request for meter ID: 999-999-999 at timestamp: 2025-01-15 23:30:00
INFO - 2025-02-18 13:58:57,255 - Meter reading recorded successfully: 999-999-999, 2025-01-15 23:30:00, 12.81
INFO - 2025-02-18 13:58:57,255 - Meter reading successfully recorded for meter ID: 999-999-999
INFO - 2025-02-18 13:58:57,255 - Successfully sent reading: 999-999-999, 2025-01-15T23:30:00, 12.81
INFO - 2025-02-18 13:58:57,255 - Successfully sent reading: 999-999-999, 2025-01-15T23:30:00, 12.81
INFO - 2025-02-18 13:58:57,771 - Received meter reading request for meter ID: 999-999-999 at timestamp: 2025-01-31 00:00:00
INFO - 2025-02-18 13:58:57,771 - Meter reading recorded successfully: 999-999-999, 2025-01-31 00:00:00, 12.83
INFO - 2025-02-18 13:58:57,771 - Meter reading successfully recorded for meter ID: 999-999-999
INFO - 2025-02-18 13:58:57,771 - Successfully sent reading: 999-999-999, 2025-01-31T00:00:00, 12.83
INFO - 2025-02-18 13:58:57,771 - Successfully sent reading: 999-999-999, 2025-01-31T00:00:00, 12.83
INFO - 2025-02-18 13:58:58,282 - Received meter reading request for meter ID: 999-999-999 at timestamp: 2025-01-31 01:00:00
INFO - 2025-02-18 13:58:58,282 - Meter reading recorded successfully: 999-999-999, 2025-01-31 01:00:00, 12.87
INFO - 2025-02-18 13:58:58,282 - Meter reading successfully recorded for meter ID: 999-999-999
INFO - 2025-02-18 13:58:58,282 - Successfully sent reading: 999-999-999, 2025-01-31T01:00:00, 12.87
INFO - 2025-02-18 13:58:58,282 - Successfully sent reading: 999-999-999, 2025-01-31T01:00:00, 12.87
INFO - 2025-02-18 13:58:58,800 - Received meter reading request for meter ID: 999-999-999 at timestamp: 2025-01-31 23:30:00
INFO - 2025-02-18 13:58:58,800 - Meter reading recorded successfully: 999-999-999, 2025-01-31 23:30:00, 19.05
INFO - 2025-02-18 13:58:58,806 - Meter reading successfully recorded for meter ID: 999-999-999
INFO - 2025-02-18 13:58:58,806 - Successfully sent reading: 999-999-999, 2025-01-31T23:30:00, 19.05
INFO - 2025-02-18 13:58:58,806 - Successfully sent reading: 999-999-999, 2025-01-31T23:30:00, 19.05
INFO - 2025-02-18 13:58:59,314 - Received meter reading request for meter ID: 999-999-999 at timestamp: 2025-02-01 00:00:00
INFO - 2025-02-18 13:58:59,314 - Meter reading recorded successfully: 999-999-999, 2025-02-01 00:00:00, 19.15
INFO - 2025-02-18 13:58:59,314 - Meter reading successfully recorded for meter ID: 999-999-999
INFO - 2025-02-18 13:58:59,320 - Successfully sent reading: 999-999-999, 2025-02-01T00:00:00, 19.15
INFO - 2025-02-18 13:58:59,320 - Successfully sent reading: 999-999-999, 2025-02-01T00:00:00, 19.15
INFO - 2025-02-18 13:58:59,830 - Received meter reading request for meter ID: 999-999-999 at timestamp: 2025-02-01 01:00:00
INFO - 2025-02-18 13:58:59,833 - Meter reading recorded successfully: 999-999-999, 2025-02-01 01:00:00, 19.24
INFO - 2025-02-18 13:58:59,833 - Meter reading successfully recorded for meter ID: 999-999-999
INFO - 2025-02-18 13:58:59,835 - Successfully sent reading: 999-999-999, 2025-02-01T01:00:00, 19.24
INFO - 2025-02-18 13:58:59,835 - Successfully sent reading: 999-999-999, 2025-02-01T01:00:00, 19.24
INFO - 2025-02-18 13:59:00,344 - Received meter reading request for meter ID: 999-999-999 at timestamp: 2025-02-01 23:30:00
INFO - 2025-02-18 13:59:00,344 - Meter reading recorded successfully: 999-999-999, 2025-02-01 23:30:00, 25.49
INFO - 2025-02-18 13:59:00,344 - Meter reading successfully recorded for meter ID: 999-999-999
INFO - 2025-02-18 13:59:00,344 - Successfully sent reading: 999-999-999, 2025-02-01T23:30:00, 25.49
INFO - 2025-02-18 13:59:00,344 - Successfully sent reading: 999-999-999, 2025-02-01T23:30:00, 25.49
INFO - 2025-02-18 13:59:00,855 - Received meter reading request for meter ID: 999-999-999 at timestamp: 2025-02-03 00:00:00
INFO - 2025-02-18 13:59:00,855 - Meter reading recorded successfully: 999-999-999, 2025-02-03 00:00:00, 25.59
INFO - 2025-02-18 13:59:00,855 - Meter reading successfully recorded for meter ID: 999-999-999
INFO - 2025-02-18 13:59:00,855 - Successfully sent reading: 999-999-999, 2025-02-03T00:00:00, 25.59
INFO - 2025-02-18 13:59:00,855 - Successfully sent reading: 999-999-999, 2025-02-03T00:00:00, 25.59
INFO - 2025-02-18 13:59:01,370 - Received meter reading request for meter ID: 999-999-999 at timestamp: 2025-02-03 01:00:00
INFO - 2025-02-18 13:59:01,370 - Meter reading recorded successfully: 999-999-999, 2025-02-03 01:00:00, 25.63
INFO - 2025-02-18 13:59:01,370 - Meter reading successfully recorded for meter ID: 999-999-999
INFO - 2025-02-18 13:59:01,370 - Successfully sent reading: 999-999-999, 2025-02-03T01:00:00, 25.63
INFO - 2025-02-18 13:59:01,370 - Successfully sent reading: 999-999-999, 2025-02-03T01:00:00, 25.63
INFO - 2025-02-18 13:59:01,878 - Received meter reading request for meter ID: 999-999-999 at timestamp: 2025-02-03 23:30:00
INFO - 2025-02-18 13:59:01,878 - Meter reading recorded successfully: 999-999-999, 2025-02-03 23:30:00, 25.68
INFO - 2025-02-18 13:59:01,878 - Meter reading successfully recorded for meter ID: 999-999-999
INFO - 2025-02-18 13:59:01,878 - Successfully sent reading: 999-999-999, 2025-02-03T23:30:00, 25.68
INFO - 2025-02-18 13:59:01,878 - Successfully sent reading: 999-999-999, 2025-02-03T23:30:00, 25.68
INFO - 2025-02-18 13:59:02,394 - Received meter reading request for meter ID: 999-999-999 at timestamp: 2025-02-10 00:00:00
INFO - 2025-02-18 13:59:02,394 - Meter reading recorded successfully: 999-999-999, 2025-02-10 00:00:00, 31.89
INFO - 2025-02-18 13:59:02,394 - Meter reading successfully recorded for meter ID: 999-999-999
INFO - 2025-02-18 13:59:02,402 - Successfully sent reading: 999-999-999, 2025-02-10T00:00:00, 31.89
INFO - 2025-02-18 13:59:02,402 - Successfully sent reading: 999-999-999, 2025-02-10T00:00:00, 31.89
INFO - 2025-02-18 13:59:02,914 - Received meter reading request for meter ID: 999-999-999 at timestamp: 2025-02-10 01:00:00
INFO - 2025-02-18 13:59:02,914 - Meter reading recorded successfully: 999-999-999, 2025-02-10 01:00:00, 31.97
INFO - 2025-02-18 13:59:02,914 - Meter reading successfully recorded for meter ID: 999-999-999
INFO - 2025-02-18 13:59:02,914 - Successfully sent reading: 999-999-999, 2025-02-10T01:00:00, 31.97
INFO - 2025-02-18 13:59:02,914 - Successfully sent reading: 999-999-999, 2025-02-10T01:00:00, 31.97
INFO - 2025-02-18 13:59:03,427 - Received meter reading request for meter ID: 999-999-999 at timestamp: 2025-02-10 23:30:00
INFO - 2025-02-18 13:59:03,427 - Meter reading recorded successfully: 999-999-999, 2025-02-10 23:30:00, 38.35
INFO - 2025-02-18 13:59:03,427 - Meter reading successfully recorded for meter ID: 999-999-999
INFO - 2025-02-18 13:59:03,427 - Successfully sent reading: 999-999-999, 2025-02-10T23:30:00, 38.35
INFO - 2025-02-18 13:59:03,427 - Successfully sent reading: 999-999-999, 2025-02-10T23:30:00, 38.35
INFO - 2025-02-18 13:59:03,942 - Received meter reading request for meter ID: 999-999-999 at timestamp: 2025-02-16 00:00:00
INFO - 2025-02-18 13:59:03,942 - Meter reading recorded successfully: 999-999-999, 2025-02-16 00:00:00, 38.4
INFO - 2025-02-18 13:59:03,942 - Meter reading successfully recorded for meter ID: 999-999-999
INFO - 2025-02-18 13:59:03,948 - Successfully sent reading: 999-999-999, 2025-02-16T00:00:00, 38.4
INFO - 2025-02-18 13:59:03,948 - Successfully sent reading: 999-999-999, 2025-02-16T00:00:00, 38.4
INFO - 2025-02-18 13:59:04,451 - Received meter reading request for meter ID: 999-999-999 at timestamp: 2025-02-16 01:00:00
INFO - 2025-02-18 13:59:04,451 - Meter reading recorded successfully: 999-999-999, 2025-02-16 01:00:00, 38.44
INFO - 2025-02-18 13:59:04,451 - Meter reading successfully recorded for meter ID: 999-999-999
INFO - 2025-02-18 13:59:04,451 - Successfully sent reading: 999-999-999, 2025-02-16T01:00:00, 38.44
INFO - 2025-02-18 13:59:04,451 - Successfully sent reading: 999-999-999, 2025-02-16T01:00:00, 38.44
INFO - 2025-02-18 13:59:04,969 - Received meter reading request for meter ID: 999-999-999 at timestamp: 2025-02-16 23:30:00
INFO - 2025-02-18 13:59:04,969 - Meter reading recorded successfully: 999-999-999, 2025-02-16 23:30:00, 44.51
INFO - 2025-02-18 13:59:04,973 - Meter reading successfully recorded for meter ID: 999-999-999
INFO - 2025-02-18 13:59:04,975 - Successfully sent reading: 999-999-999, 2025-02-16T23:30:00, 44.51
INFO - 2025-02-18 13:59:04,975 - Successfully sent reading: 999-999-999, 2025-02-16T23:30:00, 44.51
INFO - 2025-02-18 13:59:05,483 - Received meter reading request for meter ID: 999-999-999 at timestamp: 2025-02-17 00:00:00
INFO - 2025-02-18 13:59:05,483 - Meter reading recorded successfully: 999-999-999, 2025-02-17 00:00:00, 44.64
INFO - 2025-02-18 13:59:05,483 - Meter reading successfully recorded for meter ID: 999-999-999
INFO - 2025-02-18 13:59:05,483 - Successfully sent reading: 999-999-999, 2025-02-17T00:00:00, 44.64
INFO - 2025-02-18 13:59:05,483 - Successfully sent reading: 999-999-999, 2025-02-17T00:00:00, 44.64
INFO - 2025-02-18 13:59:05,998 - Received meter reading request for meter ID: 999-999-999 at timestamp: 2025-02-17 01:00:00
INFO - 2025-02-18 13:59:05,998 - Meter reading recorded successfully: 999-999-999, 2025-02-17 01:00:00, 44.74
INFO - 2025-02-18 13:59:05,998 - Meter reading successfully recorded for meter ID: 999-999-999
INFO - 2025-02-18 13:59:05,998 - Successfully sent reading: 999-999-999, 2025-02-17T01:00:00, 44.74
INFO - 2025-02-18 13:59:05,998 - Successfully sent reading: 999-999-999, 2025-02-17T01:00:00, 44.74
INFO - 2025-02-18 13:59:06,508 - Received meter reading request for meter ID: 999-999-999 at timestamp: 2025-02-17 23:30:00
INFO - 2025-02-18 13:59:06,508 - Meter reading recorded successfully: 999-999-999, 2025-02-17 23:30:00, 44.83
INFO - 2025-02-18 13:59:06,508 - Meter reading successfully recorded for meter ID: 999-999-999
INFO - 2025-02-18 13:59:06,508 - Successfully sent reading: 999-999-999, 2025-02-17T23:30:00, 44.83
INFO - 2025-02-18 13:59:06,508 - Successfully sent reading: 999-999-999, 2025-02-17T23:30:00, 44.83
INFO - 2025-02-18 13:59:07,023 - Received meter reading request for meter ID: 999-999-999 at timestamp: 2025-02-18 00:00:00
INFO - 2025-02-18 13:59:07,023 - Meter reading recorded successfully: 999-999-999, 2025-02-18 00:00:00, 44.85
INFO - 2025-02-18 13:59:07,023 - Meter reading successfully recorded for meter ID: 999-999-999
INFO - 2025-02-18 13:59:07,035 - Successfully sent reading: 999-999-999, 2025-02-18T00:00:00, 44.85
INFO - 2025-02-18 13:59:07,035 - Successfully sent reading: 999-999-999, 2025-02-18T00:00:00, 44.85
INFO - 2025-02-18 13:59:07,542 - Received meter reading request for meter ID: 999-999-999 at timestamp: 2025-02-18 01:00:00
INFO - 2025-02-18 13:59:07,542 - Meter reading recorded successfully: 999-999-999, 2025-02-18 01:00:00, 44.88
INFO - 2025-02-18 13:59:07,542 - Meter reading successfully recorded for meter ID: 999-999-999
INFO - 2025-02-18 13:59:07,542 - Successfully sent reading: 999-999-999, 2025-02-18T01:00:00, 44.88
INFO - 2025-02-18 13:59:07,542 - Successfully sent reading: 999-999-999, 2025-02-18T01:00:00, 44.88
INFO - 2025-02-18 13:59:08,059 - Received meter reading request for meter ID: 999-999-999 at timestamp: 2025-02-18 13:00:00
INFO - 2025-02-18 13:59:08,059 - Meter reading recorded successfully: 999-999-999, 2025-02-18 13:00:00, 44.93
INFO - 2025-02-18 13:59:08,059 - Meter reading successfully recorded for meter ID: 999-999-999
INFO - 2025-02-18 13:59:08,059 - Successfully sent reading: 999-999-999, 2025-02-18T13:00:00, 44.93
INFO - 2025-02-18 13:59:08,059 - Successfully sent reading: 999-999-999, 2025-02-18T13:00:00, 44.93
INFO - 2025-02-18 13:59:08,576 - Received meter reading request for meter ID: 999-999-999 at timestamp: 2025-02-18 13:30:00
INFO - 2025-02-18 13:59:08,576 - Meter reading recorded successfully: 999-999-999, 2025-02-18 13:30:00, 44.98
INFO - 2025-02-18 13:59:08,576 - Meter reading successfully recorded for meter ID: 999-999-999
INFO - 2025-02-18 13:59:08,576 - Successfully sent reading: 999-999-999, 2025-02-18T13:30:00, 44.98
INFO - 2025-02-18 13:59:08,576 - Successfully sent reading: 999-999-999, 2025-02-18T13:30:00, 44.98
INFO - 2025-02-18 13:59:09,089 - Received meter reading request for meter ID: 999-999-999 at timestamp: 2025-02-18 14:00:00
INFO - 2025-02-18 13:59:09,089 - Meter reading recorded successfully: 999-999-999, 2025-02-18 14:00:00, 45.02
INFO - 2025-02-18 13:59:09,089 - Meter reading successfully recorded for meter ID: 999-999-999
INFO - 2025-02-18 13:59:09,093 - Successfully sent reading: 999-999-999, 2025-02-18T14:00:00, 45.02
INFO - 2025-02-18 13:59:09,093 - Successfully sent reading: 999-999-999, 2025-02-18T14:00:00, 45.02
INFO - 2025-02-18 13:59:09,602 - Received meter reading request for meter ID: 999-999-999 at timestamp: 2025-02-18 14:30:00
INFO - 2025-02-18 13:59:09,602 - Meter reading recorded successfully: 999-999-999, 2025-02-18 14:30:00, 48.05
INFO - 2025-02-18 13:59:09,602 - Meter reading successfully recorded for meter ID: 999-999-999
INFO - 2025-02-18 13:59:09,602 - Successfully sent reading: 999-999-999, 2025-02-18T14:30:00, 48.05
INFO - 2025-02-18 13:59:09,602 - Successfully sent reading: 999-999-999, 2025-02-18T14:30:00, 48.05
INFO - 2025-02-18 13:59:10,112 - Received meter reading request for meter ID: 999-999-999 at timestamp: 2025-02-18 23:30:00
INFO - 2025-02-18 13:59:10,112 - Meter reading recorded successfully: 999-999-999, 2025-02-18 23:30:00, 48.16
INFO - 2025-02-18 13:59:10,112 - Meter reading successfully recorded for meter ID: 999-999-999
INFO - 2025-02-18 13:59:10,119 - Successfully sent reading: 999-999-999, 2025-02-18T23:30:00, 48.16
INFO - 2025-02-18 13:59:10,119 - Successfully sent reading: 999-999-999, 2025-02-18T23:30:00, 48.16
INFO - 2025-02-18 13:59:10,621 - Completed sending readings. Success rate: 100.00% (31/31)
INFO - 2025-02-18 13:59:10,621 - Completed sending readings. Success rate: 100.00% (31/31)
INFO - 2025-02-18 13:59:31,431 - Received request to get consumption for meter ID: 999-999-999, period: last_month
INFO - 2025-02-18 13:59:31,431 - Consumption retrieved successfully for meter ID: 999-999-999, period: last_month
INFO - 2025-02-18 13:59:49,829 - Received request to get consumption for meter ID: 999-999-999, period: this_month
INFO - 2025-02-18 13:59:49,829 - Consumption retrieved successfully for meter ID: 999-999-999, period: this_month
INFO - 2025-02-18 14:00:30,225 - Received request to get consumption for meter ID: 999-999-999, period: today
INFO - 2025-02-18 14:00:30,225 - Consumption retrieved successfully for meter ID: 999-999-999, period: today
INFO - 2025-02-18 14:02:44,180 - System data reception stopped
INFO - 2025-02-18 14:02:50,070 - Successfully archived monthly readings
INFO - 2025-02-18 14:07:20,834 - Successfully archived daily readings
INFO - 2025-02-18 14:11:08,013 - Received request to get consumption for meter ID: 999-999-999, period: today
INFO - 2025-02-18 14:11:08,013 - Consumption retrieved successfully for meter ID: 999-999-999, period: today
INFO - 2025-02-18 14:11:21,545 - Starting application...
INFO - 2025-02-18 14:11:33,791 - Starting data restoration process
INFO - 2025-02-18 14:11:33,792 - Starting data restoration process
INFO - 2025-02-18 14:11:33,796 - Restored 15 readings from CSV files
INFO - 2025-02-18 14:11:33,798 - Restored reading from logs: 999-999-999, 2025-01-01 00:00:00, 0.05
INFO - 2025-02-18 14:11:33,799 - Restored reading from logs: 999-999-999, 2025-01-01 01:00:00, 0.09
INFO - 2025-02-18 14:11:33,800 - Restored reading from logs: 999-999-999, 2025-01-01 23:30:00, 6.27
INFO - 2025-02-18 14:11:33,800 - Restored reading from logs: 999-999-999, 2025-01-15 00:00:00, 6.35
INFO - 2025-02-18 14:11:33,801 - Restored reading from logs: 999-999-999, 2025-01-15 01:00:00, 6.41
INFO - 2025-02-18 14:11:33,801 - Restored reading from logs: 999-999-999, 2025-01-15 23:30:00, 12.81
INFO - 2025-02-18 14:11:33,802 - Restored reading from logs: 999-999-999, 2025-01-31 00:00:00, 12.83
INFO - 2025-02-18 14:11:33,802 - Restored reading from logs: 999-999-999, 2025-01-31 01:00:00, 12.87
INFO - 2025-02-18 14:11:33,804 - Restored reading from logs: 999-999-999, 2025-01-31 23:30:00, 19.05
INFO - 2025-02-18 14:11:33,804 - Restored reading from logs: 999-999-999, 2025-02-01 00:00:00, 19.15
INFO - 2025-02-18 14:11:33,805 - Restored reading from logs: 999-999-999, 2025-02-01 01:00:00, 19.24
INFO - 2025-02-18 14:11:33,805 - Restored reading from logs: 999-999-999, 2025-01-01 00:00:00, 0.05
INFO - 2025-02-18 14:11:33,806 - Restored reading from logs: 999-999-999, 2025-01-01 01:00:00, 0.09
INFO - 2025-02-18 14:11:33,807 - Restored reading from logs: 999-999-999, 2025-01-01 23:30:00, 6.27
INFO - 2025-02-18 14:11:33,808 - Restored reading from logs: 999-999-999, 2025-01-15 00:00:00, 6.35
INFO - 2025-02-18 14:11:33,808 - Restored reading from logs: 999-999-999, 2025-01-15 01:00:00, 6.41
INFO - 2025-02-18 14:11:33,809 - Restored reading from logs: 999-999-999, 2025-01-15 23:30:00, 12.81
INFO - 2025-02-18 14:11:33,809 - Restored reading from logs: 999-999-999, 2025-01-31 00:00:00, 12.83
INFO - 2025-02-18 14:11:33,816 - Restored reading from logs: 999-999-999, 2025-01-31 01:00:00, 12.87
INFO - 2025-02-18 14:11:33,816 - Restored reading from logs: 999-999-999, 2025-01-31 23:30:00, 19.05
INFO - 2025-02-18 14:11:33,816 - Restored reading from logs: 999-999-999, 2025-02-01 00:00:00, 19.15
INFO - 2025-02-18 14:11:33,820 - Restored reading from logs: 999-999-999, 2025-02-01 01:00:00, 19.24
INFO - 2025-02-18 14:11:33,820 - Restored reading from logs: 999-999-999, 2025-02-01 23:30:00, 25.49
INFO - 2025-02-18 14:11:33,822 - Restored reading from logs: 999-999-999, 2025-02-03 00:00:00, 25.59
INFO - 2025-02-18 14:11:33,822 - Restored reading from logs: 999-999-999, 2025-02-03 01:00:00, 25.63
INFO - 2025-02-18 14:11:33,823 - Restored reading from logs: 999-999-999, 2025-02-03 23:30:00, 25.68
INFO - 2025-02-18 14:11:33,824 - Restored reading from logs: 999-999-999, 2025-02-10 00:00:00, 31.89
INFO - 2025-02-18 14:11:33,824 - Restored reading from logs: 999-999-999, 2025-02-10 01:00:00, 31.97
INFO - 2025-02-18 14:11:33,824 - Restored reading from logs: 999-999-999, 2025-02-10 23:30:00, 38.35
INFO - 2025-02-18 14:11:33,824 - Restored reading from logs: 999-999-999, 2025-02-16 00:00:00, 38.4
INFO - 2025-02-18 14:11:33,824 - Restored reading from logs: 999-999-999, 2025-02-16 01:00:00, 38.44
INFO - 2025-02-18 14:11:33,829 - Restored reading from logs: 999-999-999, 2025-02-16 23:30:00, 44.51
INFO - 2025-02-18 14:11:33,830 - Restored reading from logs: 999-999-999, 2025-02-17 00:00:00, 44.64
INFO - 2025-02-18 14:11:33,831 - Restored reading from logs: 999-999-999, 2025-02-17 01:00:00, 44.74
INFO - 2025-02-18 14:11:33,831 - Restored reading from logs: 999-999-999, 2025-02-17 23:30:00, 44.83
INFO - 2025-02-18 14:11:33,831 - Restored reading from logs: 999-999-999, 2025-02-18 00:00:00, 44.85
INFO - 2025-02-18 14:11:33,831 - Restored reading from logs: 999-999-999, 2025-02-18 01:00:00, 44.88
INFO - 2025-02-18 14:11:33,831 - Restored reading from logs: 999-999-999, 2025-02-18 13:00:00, 44.93
INFO - 2025-02-18 14:11:33,831 - Restored reading from logs: 999-999-999, 2025-02-18 13:30:00, 44.98
INFO - 2025-02-18 14:11:33,831 - Restored reading from logs: 999-999-999, 2025-02-18 14:00:00, 45.02
INFO - 2025-02-18 14:11:33,835 - Restored reading from logs: 999-999-999, 2025-02-18 14:30:00, 48.05
INFO - 2025-02-18 14:11:33,836 - Restored reading from logs: 999-999-999, 2025-02-18 23:30:00, 48.16
INFO - 2025-02-18 14:11:33,836 - Restored 31 readings from today's logs
INFO - 2025-02-18 14:11:33,837 - Restored 16 readings from today's logs
INFO - 2025-02-18 14:11:33,837 - Total restored: 1 meter(s), 31 readings
INFO - 2025-02-18 14:11:33,838 - Successfully restored 1 meters and 31 readings
INFO - 2025-02-18 14:11:52,745 - Received request to get consumption for meter ID: 999-999-999, period: today
INFO - 2025-02-18 14:11:52,745 - Consumption retrieved successfully for meter ID: 999-999-999, period: today
INFO - 2025-02-18 14:30:12,740 - Received meter reading request for meter ID: 123-456-789 at timestamp: 2025-02-08 01:00:00
INFO - 2025-02-18 14:30:12,742 - Meter reading recorded successfully: 123-456-789, 2025-02-08 01:00:00, 100.5
INFO - 2025-02-18 14:30:12,743 - Meter reading successfully recorded for meter ID: 123-456-789
INFO - 2025-02-18 14:42:50,661 - Starting application...
INFO - 2025-02-18 14:43:14,337 - Received registration request for 123-456-789
ERROR - 2025-02-18 14:43:14,338 - Registration error: Meter ID 123-456-789 already exists
INFO - 2025-02-18 14:43:32,242 - Received registration request for 999-999-999
INFO - 2025-02-18 14:43:32,248 - Accounts saved successfully
INFO - 2025-02-18 14:43:32,250 - Account registered successfully: 999-999-999
INFO - 2025-02-18 14:43:32,252 - Account registered successfully: 999-999-999
INFO - 2025-02-18 14:43:55,856 - Received meter reading request for meter ID: 123-456-789 at timestamp: 2025-02-08 01:00:00
INFO - 2025-02-18 14:43:55,857 - Meter reading recorded successfully: 123-456-789, 2025-02-08 01:00:00, 100.5
INFO - 2025-02-18 14:43:55,858 - Meter reading successfully recorded for meter ID: 123-456-789
INFO - 2025-02-18 14:44:17,871 - Received registration request for 999-999-999
ERROR - 2025-02-18 14:44:17,872 - Registration error: Meter ID 999-999-999 already exists
INFO - 2025-02-18 14:44:17,874 - Demo account already exists or registration failed
INFO - 2025-02-18 14:44:17,874 - Demo account already exists or registration failed
INFO - 2025-02-18 14:44:17,874 - Demo account already exists or registration failed
INFO - 2025-02-18 14:44:17,888 - Successfully loaded 33 readings from meter_readings_ref.csv
INFO - 2025-02-18 14:44:17,888 - Successfully loaded 33 readings from meter_readings_ref.csv
INFO - 2025-02-18 14:44:17,888 - Successfully loaded 33 readings from meter_readings_ref.csv
INFO - 2025-02-18 14:44:17,895 - Received meter reading request for meter ID: 999-999-999 at timestamp: 2025-01-01 00:00:00
INFO - 2025-02-18 14:44:17,896 - Meter reading recorded successfully: 999-999-999, 2025-01-01 00:00:00, 0.05
INFO - 2025-02-18 14:44:17,896 - Meter reading successfully recorded for meter ID: 999-999-999
INFO - 2025-02-18 14:44:17,898 - Successfully sent reading: 999-999-999, 2025-01-01T00:00:00, 0.05
INFO - 2025-02-18 14:44:17,898 - Successfully sent reading: 999-999-999, 2025-01-01T00:00:00, 0.05
INFO - 2025-02-18 14:44:17,898 - Successfully sent reading: 999-999-999, 2025-01-01T00:00:00, 0.05
INFO - 2025-02-18 14:44:18,407 - Received meter reading request for meter ID: 999-999-999 at timestamp: 2025-01-01 01:00:00
INFO - 2025-02-18 14:44:18,408 - Meter reading recorded successfully: 999-999-999, 2025-01-01 01:00:00, 0.09
INFO - 2025-02-18 14:44:18,409 - Meter reading successfully recorded for meter ID: 999-999-999
INFO - 2025-02-18 14:44:18,411 - Successfully sent reading: 999-999-999, 2025-01-01T01:00:00, 0.09
INFO - 2025-02-18 14:44:18,411 - Successfully sent reading: 999-999-999, 2025-01-01T01:00:00, 0.09
INFO - 2025-02-18 14:44:18,411 - Successfully sent reading: 999-999-999, 2025-01-01T01:00:00, 0.09
INFO - 2025-02-18 14:44:18,919 - Received meter reading request for meter ID: 999-999-999 at timestamp: 2025-01-01 23:30:00
INFO - 2025-02-18 14:44:18,919 - Meter reading recorded successfully: 999-999-999, 2025-01-01 23:30:00, 6.27
INFO - 2025-02-18 14:44:18,919 - Meter reading successfully recorded for meter ID: 999-999-999
INFO - 2025-02-18 14:44:18,921 - Successfully sent reading: 999-999-999, 2025-01-01T23:30:00, 6.27
INFO - 2025-02-18 14:44:18,921 - Successfully sent reading: 999-999-999, 2025-01-01T23:30:00, 6.27
INFO - 2025-02-18 14:44:18,921 - Successfully sent reading: 999-999-999, 2025-01-01T23:30:00, 6.27
INFO - 2025-02-18 14:44:19,429 - Received meter reading request for meter ID: 999-999-999 at timestamp: 2025-01-15 00:00:00
INFO - 2025-02-18 14:44:19,430 - Meter reading recorded successfully: 999-999-999, 2025-01-15 00:00:00, 6.35
INFO - 2025-02-18 14:44:19,431 - Meter reading successfully recorded for meter ID: 999-999-999
INFO - 2025-02-18 14:44:19,435 - Successfully sent reading: 999-999-999, 2025-01-15T00:00:00, 6.35
INFO - 2025-02-18 14:44:19,435 - Successfully sent reading: 999-999-999, 2025-01-15T00:00:00, 6.35
INFO - 2025-02-18 14:44:19,435 - Successfully sent reading: 999-999-999, 2025-01-15T00:00:00, 6.35
INFO - 2025-02-18 14:44:19,949 - Received meter reading request for meter ID: 999-999-999 at timestamp: 2025-01-15 01:00:00
INFO - 2025-02-18 14:44:19,950 - Meter reading recorded successfully: 999-999-999, 2025-01-15 01:00:00, 6.41
INFO - 2025-02-18 14:44:19,951 - Meter reading successfully recorded for meter ID: 999-999-999
INFO - 2025-02-18 14:44:19,954 - Successfully sent reading: 999-999-999, 2025-01-15T01:00:00, 6.41
INFO - 2025-02-18 14:44:19,954 - Successfully sent reading: 999-999-999, 2025-01-15T01:00:00, 6.41
INFO - 2025-02-18 14:44:19,954 - Successfully sent reading: 999-999-999, 2025-01-15T01:00:00, 6.41
INFO - 2025-02-18 14:44:20,466 - Received meter reading request for meter ID: 999-999-999 at timestamp: 2025-01-15 23:30:00
INFO - 2025-02-18 14:44:20,467 - Meter reading recorded successfully: 999-999-999, 2025-01-15 23:30:00, 12.81
INFO - 2025-02-18 14:44:20,467 - Meter reading successfully recorded for meter ID: 999-999-999
INFO - 2025-02-18 14:44:20,471 - Successfully sent reading: 999-999-999, 2025-01-15T23:30:00, 12.81
INFO - 2025-02-18 14:44:20,471 - Successfully sent reading: 999-999-999, 2025-01-15T23:30:00, 12.81
INFO - 2025-02-18 14:44:20,471 - Successfully sent reading: 999-999-999, 2025-01-15T23:30:00, 12.81
INFO - 2025-02-18 14:44:20,982 - Received meter reading request for meter ID: 999-999-999 at timestamp: 2025-01-31 00:00:00
INFO - 2025-02-18 14:44:20,983 - Meter reading recorded successfully: 999-999-999, 2025-01-31 00:00:00, 12.83
INFO - 2025-02-18 14:44:20,983 - Meter reading successfully recorded for meter ID: 999-999-999
INFO - 2025-02-18 14:44:20,984 - Successfully sent reading: 999-999-999, 2025-01-31T00:00:00, 12.83
INFO - 2025-02-18 14:44:20,984 - Successfully sent reading: 999-999-999, 2025-01-31T00:00:00, 12.83
INFO - 2025-02-18 14:44:20,984 - Successfully sent reading: 999-999-999, 2025-01-31T00:00:00, 12.83
INFO - 2025-02-18 14:44:21,491 - Received meter reading request for meter ID: 999-999-999 at timestamp: 2025-01-31 01:00:00
INFO - 2025-02-18 14:44:21,491 - Meter reading recorded successfully: 999-999-999, 2025-01-31 01:00:00, 12.87
INFO - 2025-02-18 14:44:21,492 - Meter reading successfully recorded for meter ID: 999-999-999
INFO - 2025-02-18 14:44:21,493 - Successfully sent reading: 999-999-999, 2025-01-31T01:00:00, 12.87
INFO - 2025-02-18 14:44:21,493 - Successfully sent reading: 999-999-999, 2025-01-31T01:00:00, 12.87
INFO - 2025-02-18 14:44:21,493 - Successfully sent reading: 999-999-999, 2025-01-31T01:00:00, 12.87
INFO - 2025-02-18 14:44:21,999 - Received meter reading request for meter ID: 999-999-999 at timestamp: 2025-01-31 23:30:00
INFO - 2025-02-18 14:44:22,001 - Meter reading recorded successfully: 999-999-999, 2025-01-31 23:30:00, 19.05
INFO - 2025-02-18 14:44:22,001 - Meter reading successfully recorded for meter ID: 999-999-999
INFO - 2025-02-18 14:44:22,004 - Successfully sent reading: 999-999-999, 2025-01-31T23:30:00, 19.05
INFO - 2025-02-18 14:44:22,004 - Successfully sent reading: 999-999-999, 2025-01-31T23:30:00, 19.05
INFO - 2025-02-18 14:44:22,004 - Successfully sent reading: 999-999-999, 2025-01-31T23:30:00, 19.05
INFO - 2025-02-18 14:44:22,516 - Received meter reading request for meter ID: 999-999-999 at timestamp: 2025-02-01 00:00:00
INFO - 2025-02-18 14:44:22,517 - Meter reading recorded successfully: 999-999-999, 2025-02-01 00:00:00, 19.15
INFO - 2025-02-18 14:44:22,518 - Meter reading successfully recorded for meter ID: 999-999-999
INFO - 2025-02-18 14:44:22,523 - Successfully sent reading: 999-999-999, 2025-02-01T00:00:00, 19.15
INFO - 2025-02-18 14:44:22,523 - Successfully sent reading: 999-999-999, 2025-02-01T00:00:00, 19.15
INFO - 2025-02-18 14:44:22,523 - Successfully sent reading: 999-999-999, 2025-02-01T00:00:00, 19.15
INFO - 2025-02-18 14:44:23,036 - Received meter reading request for meter ID: 999-999-999 at timestamp: 2025-02-01 01:00:00
INFO - 2025-02-18 14:44:23,036 - Meter reading recorded successfully: 999-999-999, 2025-02-01 01:00:00, 19.24
INFO - 2025-02-18 14:44:23,036 - Meter reading successfully recorded for meter ID: 999-999-999
INFO - 2025-02-18 14:44:23,038 - Successfully sent reading: 999-999-999, 2025-02-01T01:00:00, 19.24
INFO - 2025-02-18 14:44:23,038 - Successfully sent reading: 999-999-999, 2025-02-01T01:00:00, 19.24
INFO - 2025-02-18 14:44:23,038 - Successfully sent reading: 999-999-999, 2025-02-01T01:00:00, 19.24
INFO - 2025-02-18 14:44:23,547 - Received meter reading request for meter ID: 999-999-999 at timestamp: 2025-02-01 23:30:00
INFO - 2025-02-18 14:44:23,549 - Meter reading recorded successfully: 999-999-999, 2025-02-01 23:30:00, 25.49
INFO - 2025-02-18 14:44:23,550 - Meter reading successfully recorded for meter ID: 999-999-999
INFO - 2025-02-18 14:44:23,553 - Successfully sent reading: 999-999-999, 2025-02-01T23:30:00, 25.49
INFO - 2025-02-18 14:44:23,553 - Successfully sent reading: 999-999-999, 2025-02-01T23:30:00, 25.49
INFO - 2025-02-18 14:44:23,553 - Successfully sent reading: 999-999-999, 2025-02-01T23:30:00, 25.49
INFO - 2025-02-18 14:44:24,059 - Received meter reading request for meter ID: 999-999-999 at timestamp: 2025-02-03 00:00:00
INFO - 2025-02-18 14:44:24,060 - Meter reading recorded successfully: 999-999-999, 2025-02-03 00:00:00, 25.59
INFO - 2025-02-18 14:44:24,060 - Meter reading successfully recorded for meter ID: 999-999-999
INFO - 2025-02-18 14:44:24,063 - Successfully sent reading: 999-999-999, 2025-02-03T00:00:00, 25.59
INFO - 2025-02-18 14:44:24,063 - Successfully sent reading: 999-999-999, 2025-02-03T00:00:00, 25.59
INFO - 2025-02-18 14:44:24,063 - Successfully sent reading: 999-999-999, 2025-02-03T00:00:00, 25.59
INFO - 2025-02-18 14:44:24,578 - Received meter reading request for meter ID: 999-999-999 at timestamp: 2025-02-03 01:00:00
INFO - 2025-02-18 14:44:24,579 - Meter reading recorded successfully: 999-999-999, 2025-02-03 01:00:00, 25.63
INFO - 2025-02-18 14:44:24,581 - Meter reading successfully recorded for meter ID: 999-999-999
INFO - 2025-02-18 14:44:24,586 - Successfully sent reading: 999-999-999, 2025-02-03T01:00:00, 25.63
INFO - 2025-02-18 14:44:24,586 - Successfully sent reading: 999-999-999, 2025-02-03T01:00:00, 25.63
INFO - 2025-02-18 14:44:24,586 - Successfully sent reading: 999-999-999, 2025-02-03T01:00:00, 25.63
INFO - 2025-02-18 14:44:25,096 - Received meter reading request for meter ID: 999-999-999 at timestamp: 2025-02-03 23:30:00
INFO - 2025-02-18 14:44:25,097 - Meter reading recorded successfully: 999-999-999, 2025-02-03 23:30:00, 25.68
INFO - 2025-02-18 14:44:25,097 - Meter reading successfully recorded for meter ID: 999-999-999
INFO - 2025-02-18 14:44:25,100 - Successfully sent reading: 999-999-999, 2025-02-03T23:30:00, 25.68
INFO - 2025-02-18 14:44:25,100 - Successfully sent reading: 999-999-999, 2025-02-03T23:30:00, 25.68
INFO - 2025-02-18 14:44:25,100 - Successfully sent reading: 999-999-999, 2025-02-03T23:30:00, 25.68
INFO - 2025-02-18 14:44:25,609 - Received meter reading request for meter ID: 999-999-999 at timestamp: 2025-02-10 00:00:00
INFO - 2025-02-18 14:44:25,610 - Meter reading recorded successfully: 999-999-999, 2025-02-10 00:00:00, 31.89
INFO - 2025-02-18 14:44:25,610 - Meter reading successfully recorded for meter ID: 999-999-999
INFO - 2025-02-18 14:44:25,612 - Successfully sent reading: 999-999-999, 2025-02-10T00:00:00, 31.89
INFO - 2025-02-18 14:44:25,612 - Successfully sent reading: 999-999-999, 2025-02-10T00:00:00, 31.89
INFO - 2025-02-18 14:44:25,612 - Successfully sent reading: 999-999-999, 2025-02-10T00:00:00, 31.89
INFO - 2025-02-18 14:44:26,122 - Received meter reading request for meter ID: 999-999-999 at timestamp: 2025-02-10 01:00:00
INFO - 2025-02-18 14:44:26,123 - Meter reading recorded successfully: 999-999-999, 2025-02-10 01:00:00, 31.97
INFO - 2025-02-18 14:44:26,124 - Meter reading successfully recorded for meter ID: 999-999-999
INFO - 2025-02-18 14:44:26,128 - Successfully sent reading: 999-999-999, 2025-02-10T01:00:00, 31.97
INFO - 2025-02-18 14:44:26,128 - Successfully sent reading: 999-999-999, 2025-02-10T01:00:00, 31.97
INFO - 2025-02-18 14:44:26,128 - Successfully sent reading: 999-999-999, 2025-02-10T01:00:00, 31.97
INFO - 2025-02-18 14:44:26,637 - Received meter reading request for meter ID: 999-999-999 at timestamp: 2025-02-10 23:30:00
INFO - 2025-02-18 14:44:26,637 - Meter reading recorded successfully: 999-999-999, 2025-02-10 23:30:00, 38.35
INFO - 2025-02-18 14:44:26,638 - Meter reading successfully recorded for meter ID: 999-999-999
INFO - 2025-02-18 14:44:26,641 - Successfully sent reading: 999-999-999, 2025-02-10T23:30:00, 38.35
INFO - 2025-02-18 14:44:26,641 - Successfully sent reading: 999-999-999, 2025-02-10T23:30:00, 38.35
INFO - 2025-02-18 14:44:26,641 - Successfully sent reading: 999-999-999, 2025-02-10T23:30:00, 38.35
INFO - 2025-02-18 14:44:27,150 - Received meter reading request for meter ID: 999-999-999 at timestamp: 2025-02-16 00:00:00
INFO - 2025-02-18 14:44:27,151 - Meter reading recorded successfully: 999-999-999, 2025-02-16 00:00:00, 38.4
INFO - 2025-02-18 14:44:27,152 - Meter reading successfully recorded for meter ID: 999-999-999
INFO - 2025-02-18 14:44:27,156 - Successfully sent reading: 999-999-999, 2025-02-16T00:00:00, 38.4
INFO - 2025-02-18 14:44:27,156 - Successfully sent reading: 999-999-999, 2025-02-16T00:00:00, 38.4
INFO - 2025-02-18 14:44:27,156 - Successfully sent reading: 999-999-999, 2025-02-16T00:00:00, 38.4
INFO - 2025-02-18 14:44:27,666 - Received meter reading request for meter ID: 999-999-999 at timestamp: 2025-02-16 01:00:00
INFO - 2025-02-18 14:44:27,667 - Meter reading recorded successfully: 999-999-999, 2025-02-16 01:00:00, 38.44
INFO - 2025-02-18 14:44:27,668 - Meter reading successfully recorded for meter ID: 999-999-999
INFO - 2025-02-18 14:44:27,672 - Successfully sent reading: 999-999-999, 2025-02-16T01:00:00, 38.44
INFO - 2025-02-18 14:44:27,672 - Successfully sent reading: 999-999-999, 2025-02-16T01:00:00, 38.44
INFO - 2025-02-18 14:44:27,672 - Successfully sent reading: 999-999-999, 2025-02-16T01:00:00, 38.44
INFO - 2025-02-18 14:44:28,182 - Received meter reading request for meter ID: 999-999-999 at timestamp: 2025-02-16 23:30:00
INFO - 2025-02-18 14:44:28,182 - Meter reading recorded successfully: 999-999-999, 2025-02-16 23:30:00, 44.51
INFO - 2025-02-18 14:44:28,184 - Meter reading successfully recorded for meter ID: 999-999-999
INFO - 2025-02-18 14:44:28,187 - Successfully sent reading: 999-999-999, 2025-02-16T23:30:00, 44.51
INFO - 2025-02-18 14:44:28,187 - Successfully sent reading: 999-999-999, 2025-02-16T23:30:00, 44.51
INFO - 2025-02-18 14:44:28,187 - Successfully sent reading: 999-999-999, 2025-02-16T23:30:00, 44.51
INFO - 2025-02-18 14:44:28,696 - Received meter reading request for meter ID: 999-999-999 at timestamp: 2025-02-17 00:00:00
INFO - 2025-02-18 14:44:28,697 - Meter reading recorded successfully: 999-999-999, 2025-02-17 00:00:00, 44.64
INFO - 2025-02-18 14:44:28,698 - Meter reading successfully recorded for meter ID: 999-999-999
INFO - 2025-02-18 14:44:28,700 - Successfully sent reading: 999-999-999, 2025-02-17T00:00:00, 44.64
INFO - 2025-02-18 14:44:28,700 - Successfully sent reading: 999-999-999, 2025-02-17T00:00:00, 44.64
INFO - 2025-02-18 14:44:28,700 - Successfully sent reading: 999-999-999, 2025-02-17T00:00:00, 44.64
INFO - 2025-02-18 14:44:29,210 - Received meter reading request for meter ID: 999-999-999 at timestamp: 2025-02-17 01:00:00
INFO - 2025-02-18 14:44:29,211 - Meter reading recorded successfully: 999-999-999, 2025-02-17 01:00:00, 44.74
INFO - 2025-02-18 14:44:29,212 - Meter reading successfully recorded for meter ID: 999-999-999
INFO - 2025-02-18 14:44:29,215 - Successfully sent reading: 999-999-999, 2025-02-17T01:00:00, 44.74
INFO - 2025-02-18 14:44:29,215 - Successfully sent reading: 999-999-999, 2025-02-17T01:00:00, 44.74
INFO - 2025-02-18 14:44:29,215 - Successfully sent reading: 999-999-999, 2025-02-17T01:00:00, 44.74
INFO - 2025-02-18 14:44:29,723 - Received meter reading request for meter ID: 999-999-999 at timestamp: 2025-02-17 23:30:00
INFO - 2025-02-18 14:44:29,724 - Meter reading recorded successfully: 999-999-999, 2025-02-17 23:30:00, 44.83
INFO - 2025-02-18 14:44:29,724 - Meter reading successfully recorded for meter ID: 999-999-999
INFO - 2025-02-18 14:44:29,726 - Successfully sent reading: 999-999-999, 2025-02-17T23:30:00, 44.83
INFO - 2025-02-18 14:44:29,726 - Successfully sent reading: 999-999-999, 2025-02-17T23:30:00, 44.83
INFO - 2025-02-18 14:44:29,726 - Successfully sent reading: 999-999-999, 2025-02-17T23:30:00, 44.83
INFO - 2025-02-18 14:44:30,233 - Received meter reading request for meter ID: 999-999-999 at timestamp: 2025-02-18 00:00:00
INFO - 2025-02-18 14:44:30,234 - Meter reading recorded successfully: 999-999-999, 2025-02-18 00:00:00, 44.85
INFO - 2025-02-18 14:44:30,234 - Meter reading successfully recorded for meter ID: 999-999-999
INFO - 2025-02-18 14:44:30,237 - Successfully sent reading: 999-999-999, 2025-02-18T00:00:00, 44.85
INFO - 2025-02-18 14:44:30,237 - Successfully sent reading: 999-999-999, 2025-02-18T00:00:00, 44.85
INFO - 2025-02-18 14:44:30,237 - Successfully sent reading: 999-999-999, 2025-02-18T00:00:00, 44.85
INFO - 2025-02-18 14:44:30,746 - Received meter reading request for meter ID: 999-999-999 at timestamp: 2025-02-18 01:00:00
INFO - 2025-02-18 14:44:30,747 - Meter reading recorded successfully: 999-999-999, 2025-02-18 01:00:00, 44.88
INFO - 2025-02-18 14:44:30,748 - Meter reading successfully recorded for meter ID: 999-999-999
INFO - 2025-02-18 14:44:30,750 - Successfully sent reading: 999-999-999, 2025-02-18T01:00:00, 44.88
INFO - 2025-02-18 14:44:30,750 - Successfully sent reading: 999-999-999, 2025-02-18T01:00:00, 44.88
INFO - 2025-02-18 14:44:30,750 - Successfully sent reading: 999-999-999, 2025-02-18T01:00:00, 44.88
INFO - 2025-02-18 14:44:31,261 - Received meter reading request for meter ID: 999-999-999 at timestamp: 2025-02-18 13:00:00
INFO - 2025-02-18 14:44:31,261 - Meter reading recorded successfully: 999-999-999, 2025-02-18 13:00:00, 44.93
INFO - 2025-02-18 14:44:31,261 - Meter reading successfully recorded for meter ID: 999-999-999
INFO - 2025-02-18 14:44:31,264 - Successfully sent reading: 999-999-999, 2025-02-18T13:00:00, 44.93
INFO - 2025-02-18 14:44:31,264 - Successfully sent reading: 999-999-999, 2025-02-18T13:00:00, 44.93
INFO - 2025-02-18 14:44:31,264 - Successfully sent reading: 999-999-999, 2025-02-18T13:00:00, 44.93
INFO - 2025-02-18 14:44:31,771 - Received meter reading request for meter ID: 999-999-999 at timestamp: 2025-02-18 13:30:00
INFO - 2025-02-18 14:44:31,772 - Meter reading recorded successfully: 999-999-999, 2025-02-18 13:30:00, 44.98
INFO - 2025-02-18 14:44:31,774 - Meter reading successfully recorded for meter ID: 999-999-999
INFO - 2025-02-18 14:44:31,777 - Successfully sent reading: 999-999-999, 2025-02-18T13:30:00, 44.98
INFO - 2025-02-18 14:44:31,777 - Successfully sent reading: 999-999-999, 2025-02-18T13:30:00, 44.98
INFO - 2025-02-18 14:44:31,777 - Successfully sent reading: 999-999-999, 2025-02-18T13:30:00, 44.98
INFO - 2025-02-18 14:44:32,286 - Received meter reading request for meter ID: 999-999-999 at timestamp: 2025-02-18 14:00:00
INFO - 2025-02-18 14:44:32,286 - Meter reading recorded successfully: 999-999-999, 2025-02-18 14:00:00, 45.02
INFO - 2025-02-18 14:44:32,288 - Meter reading successfully recorded for meter ID: 999-999-999
INFO - 2025-02-18 14:44:32,291 - Successfully sent reading: 999-999-999, 2025-02-18T14:00:00, 45.02
INFO - 2025-02-18 14:44:32,291 - Successfully sent reading: 999-999-999, 2025-02-18T14:00:00, 45.02
INFO - 2025-02-18 14:44:32,291 - Successfully sent reading: 999-999-999, 2025-02-18T14:00:00, 45.02
INFO - 2025-02-18 14:44:32,801 - Received meter reading request for meter ID: 999-999-999 at timestamp: 2025-02-18 14:30:00
INFO - 2025-02-18 14:44:32,802 - Meter reading recorded successfully: 999-999-999, 2025-02-18 14:30:00, 48.05
INFO - 2025-02-18 14:44:32,803 - Meter reading successfully recorded for meter ID: 999-999-999
INFO - 2025-02-18 14:44:32,805 - Successfully sent reading: 999-999-999, 2025-02-18T14:30:00, 48.05
INFO - 2025-02-18 14:44:32,805 - Successfully sent reading: 999-999-999, 2025-02-18T14:30:00, 48.05
INFO - 2025-02-18 14:44:32,805 - Successfully sent reading: 999-999-999, 2025-02-18T14:30:00, 48.05
INFO - 2025-02-18 14:44:33,315 - Received meter reading request for meter ID: 999-999-999 at timestamp: 2025-02-18 15:00:00
INFO - 2025-02-18 14:44:33,316 - Meter reading recorded successfully: 999-999-999, 2025-02-18 15:00:00, 48.16
INFO - 2025-02-18 14:44:33,316 - Meter reading successfully recorded for meter ID: 999-999-999
INFO - 2025-02-18 14:44:33,318 - Successfully sent reading: 999-999-999, 2025-02-18T15:00:00, 48.16
INFO - 2025-02-18 14:44:33,318 - Successfully sent reading: 999-999-999, 2025-02-18T15:00:00, 48.16
INFO - 2025-02-18 14:44:33,318 - Successfully sent reading: 999-999-999, 2025-02-18T15:00:00, 48.16
INFO - 2025-02-18 14:44:33,830 - Received meter reading request for meter ID: 999-999-999 at timestamp: 2025-02-18 15:30:00
INFO - 2025-02-18 14:44:33,830 - Meter reading recorded successfully: 999-999-999, 2025-02-18 15:30:00, 48.28
INFO - 2025-02-18 14:44:33,831 - Meter reading successfully recorded for meter ID: 999-999-999
INFO - 2025-02-18 14:44:33,832 - Successfully sent reading: 999-999-999, 2025-02-18T15:30:00, 48.28
INFO - 2025-02-18 14:44:33,832 - Successfully sent reading: 999-999-999, 2025-02-18T15:30:00, 48.28
INFO - 2025-02-18 14:44:33,832 - Successfully sent reading: 999-999-999, 2025-02-18T15:30:00, 48.28
INFO - 2025-02-18 14:44:34,339 - Received meter reading request for meter ID: 999-999-999 at timestamp: 2025-02-18 23:30:00
INFO - 2025-02-18 14:44:34,339 - Meter reading recorded successfully: 999-999-999, 2025-02-18 23:30:00, 48.63
INFO - 2025-02-18 14:44:34,340 - Meter reading successfully recorded for meter ID: 999-999-999
INFO - 2025-02-18 14:44:34,343 - Successfully sent reading: 999-999-999, 2025-02-18T23:30:00, 48.63
INFO - 2025-02-18 14:44:34,343 - Successfully sent reading: 999-999-999, 2025-02-18T23:30:00, 48.63
INFO - 2025-02-18 14:44:34,343 - Successfully sent reading: 999-999-999, 2025-02-18T23:30:00, 48.63
INFO - 2025-02-18 14:44:34,846 - Completed sending readings. Success rate: 100.00% (33/33)
INFO - 2025-02-18 14:44:34,846 - Completed sending readings. Success rate: 100.00% (33/33)
INFO - 2025-02-18 14:44:34,846 - Completed sending readings. Success rate: 100.00% (33/33)
INFO - 2025-02-18 14:44:53,963 - Received request to get consumption for meter ID: 999-999-999, period: today
INFO - 2025-02-18 14:44:53,964 - Consumption retrieved successfully for meter ID: 999-999-999, period: today
INFO - 2025-02-18 14:45:11,050 - Received request to get consumption for meter ID: 999-999-999, period: last_30min
INFO - 2025-02-18 14:45:11,050 - Consumption retrieved successfully for meter ID: 999-999-999, period: last_30min
INFO - 2025-02-18 14:45:24,055 - Received request to get consumption for meter ID: 999-999-999, period: this_month
INFO - 2025-02-18 14:45:24,056 - Consumption retrieved successfully for meter ID: 999-999-999, period: this_month
INFO - 2025-02-18 14:45:35,036 - System data reception stopped
INFO - 2025-02-18 14:45:48,840 - Successfully archived daily readings
INFO - 2025-02-18 14:46:17,817 - Successfully archived monthly readings
INFO - 2025-02-18 14:46:37,298 - System data reception resumed
INFO - 2025-02-18 14:46:50,458 - Received meter reading request for meter ID: 123-456-789 at timestamp: 2025-02-08 02:00:00
INFO - 2025-02-18 14:46:50,458 - Meter reading recorded successfully: 123-456-789, 2025-02-08 02:00:00, 100.6
INFO - 2025-02-18 14:46:50,460 - Meter reading successfully recorded for meter ID: 123-456-789
INFO - 2025-02-18 14:46:57,334 - System data reception stopped
INFO - 2025-02-18 14:47:02,981 - Received meter reading request for meter ID: 123-456-789 at timestamp: 2025-02-08 02:00:00
INFO - 2025-02-18 14:47:02,982 - Meter reading successfully recorded for meter ID: 123-456-789
INFO - 2025-02-18 14:47:16,887 - Received request to get last month's bill for meter ID: 999-999-999
INFO - 2025-02-18 14:47:16,890 - Bill details retrieved successfully for meter ID: 999-999-999
INFO - 2025-02-18 14:48:43,594 - Starting application...
INFO - 2025-02-18 14:48:57,643 - Received request to get consumption for meter ID: 999-999-999, period: today
ERROR - 2025-02-18 14:48:57,645 - Error getting consumption: No readings found for this meter
INFO - 2025-02-18 14:49:05,998 - Starting data restoration process
INFO - 2025-02-18 14:49:05,999 - Starting data restoration process
INFO - 2025-02-18 14:49:06,004 - Restored 15 readings from CSV files
INFO - 2025-02-18 14:49:06,013 - Restored reading from logs: 999-999-999, 2025-01-01 00:00:00, 0.05
INFO - 2025-02-18 14:49:06,015 - Restored reading from logs: 999-999-999, 2025-01-01 01:00:00, 0.09
INFO - 2025-02-18 14:49:06,018 - Restored reading from logs: 999-999-999, 2025-01-01 23:30:00, 6.27
INFO - 2025-02-18 14:49:06,020 - Restored reading from logs: 999-999-999, 2025-01-15 00:00:00, 6.35
INFO - 2025-02-18 14:49:06,022 - Restored reading from logs: 999-999-999, 2025-01-15 01:00:00, 6.41
INFO - 2025-02-18 14:49:06,024 - Restored reading from logs: 999-999-999, 2025-01-15 23:30:00, 12.81
INFO - 2025-02-18 14:49:06,025 - Restored reading from logs: 999-999-999, 2025-01-31 00:00:00, 12.83
INFO - 2025-02-18 14:49:06,025 - Restored reading from logs: 999-999-999, 2025-01-31 01:00:00, 12.87
INFO - 2025-02-18 14:49:06,026 - Restored reading from logs: 999-999-999, 2025-01-31 23:30:00, 19.05
INFO - 2025-02-18 14:49:06,027 - Restored reading from logs: 999-999-999, 2025-02-01 00:00:00, 19.15
INFO - 2025-02-18 14:49:06,028 - Restored reading from logs: 999-999-999, 2025-02-01 01:00:00, 19.24
INFO - 2025-02-18 14:49:06,029 - Restored reading from logs: 999-999-999, 2025-01-01 00:00:00, 0.05
INFO - 2025-02-18 14:49:06,030 - Restored reading from logs: 999-999-999, 2025-01-01 01:00:00, 0.09
INFO - 2025-02-18 14:49:06,030 - Restored reading from logs: 999-999-999, 2025-01-01 23:30:00, 6.27
INFO - 2025-02-18 14:49:06,031 - Restored reading from logs: 999-999-999, 2025-01-15 00:00:00, 6.35
INFO - 2025-02-18 14:49:06,031 - Restored reading from logs: 999-999-999, 2025-01-15 01:00:00, 6.41
INFO - 2025-02-18 14:49:06,033 - Restored reading from logs: 999-999-999, 2025-01-15 23:30:00, 12.81
INFO - 2025-02-18 14:49:06,034 - Restored reading from logs: 999-999-999, 2025-01-31 00:00:00, 12.83
INFO - 2025-02-18 14:49:06,035 - Restored reading from logs: 999-999-999, 2025-01-31 01:00:00, 12.87
INFO - 2025-02-18 14:49:06,036 - Restored reading from logs: 999-999-999, 2025-01-31 23:30:00, 19.05
INFO - 2025-02-18 14:49:06,036 - Restored reading from logs: 999-999-999, 2025-02-01 00:00:00, 19.15
INFO - 2025-02-18 14:49:06,037 - Restored reading from logs: 999-999-999, 2025-02-01 01:00:00, 19.24
INFO - 2025-02-18 14:49:06,037 - Restored reading from logs: 999-999-999, 2025-02-01 23:30:00, 25.49
INFO - 2025-02-18 14:49:06,038 - Restored reading from logs: 999-999-999, 2025-02-03 00:00:00, 25.59
INFO - 2025-02-18 14:49:06,039 - Restored reading from logs: 999-999-999, 2025-02-03 01:00:00, 25.63
INFO - 2025-02-18 14:49:06,040 - Restored reading from logs: 999-999-999, 2025-02-03 23:30:00, 25.68
INFO - 2025-02-18 14:49:06,040 - Restored reading from logs: 999-999-999, 2025-02-10 00:00:00, 31.89
INFO - 2025-02-18 14:49:06,041 - Restored reading from logs: 999-999-999, 2025-02-10 01:00:00, 31.97
INFO - 2025-02-18 14:49:06,041 - Restored reading from logs: 999-999-999, 2025-02-10 23:30:00, 38.35
INFO - 2025-02-18 14:49:06,044 - Restored reading from logs: 999-999-999, 2025-02-16 00:00:00, 38.4
INFO - 2025-02-18 14:49:06,045 - Restored reading from logs: 999-999-999, 2025-02-16 01:00:00, 38.44
INFO - 2025-02-18 14:49:06,046 - Restored reading from logs: 999-999-999, 2025-02-16 23:30:00, 44.51
INFO - 2025-02-18 14:49:06,048 - Restored reading from logs: 999-999-999, 2025-02-17 00:00:00, 44.64
INFO - 2025-02-18 14:49:06,049 - Restored reading from logs: 999-999-999, 2025-02-17 01:00:00, 44.74
INFO - 2025-02-18 14:49:06,051 - Restored reading from logs: 999-999-999, 2025-02-17 23:30:00, 44.83
INFO - 2025-02-18 14:49:06,053 - Restored reading from logs: 999-999-999, 2025-02-18 00:00:00, 44.85
INFO - 2025-02-18 14:49:06,055 - Restored reading from logs: 999-999-999, 2025-02-18 01:00:00, 44.88
INFO - 2025-02-18 14:49:06,056 - Restored reading from logs: 999-999-999, 2025-02-18 13:00:00, 44.93
INFO - 2025-02-18 14:49:06,057 - Restored reading from logs: 999-999-999, 2025-02-18 13:30:00, 44.98
INFO - 2025-02-18 14:49:06,059 - Restored reading from logs: 999-999-999, 2025-02-18 14:00:00, 45.02
INFO - 2025-02-18 14:49:06,059 - Restored reading from logs: 999-999-999, 2025-02-18 14:30:00, 48.05
INFO - 2025-02-18 14:49:06,060 - Restored reading from logs: 999-999-999, 2025-02-18 23:30:00, 48.16
INFO - 2025-02-18 14:49:06,061 - Restored reading from logs: 123-456-789, 2025-02-08 01:00:00, 100.5
INFO - 2025-02-18 14:49:06,063 - Restored reading from logs: 123-456-789, 2025-02-08 01:00:00, 100.5
INFO - 2025-02-18 14:49:06,063 - Restored reading from logs: 999-999-999, 2025-01-01 00:00:00, 0.05
INFO - 2025-02-18 14:49:06,064 - Restored reading from logs: 999-999-999, 2025-01-01 01:00:00, 0.09
INFO - 2025-02-18 14:49:06,065 - Restored reading from logs: 999-999-999, 2025-01-01 23:30:00, 6.27
INFO - 2025-02-18 14:49:06,067 - Restored reading from logs: 999-999-999, 2025-01-15 00:00:00, 6.35
INFO - 2025-02-18 14:49:06,068 - Restored reading from logs: 999-999-999, 2025-01-15 01:00:00, 6.41
INFO - 2025-02-18 14:49:06,069 - Restored reading from logs: 999-999-999, 2025-01-15 23:30:00, 12.81
INFO - 2025-02-18 14:49:06,071 - Restored reading from logs: 999-999-999, 2025-01-31 00:00:00, 12.83
INFO - 2025-02-18 14:49:06,073 - Restored reading from logs: 999-999-999, 2025-01-31 01:00:00, 12.87
INFO - 2025-02-18 14:49:06,074 - Restored reading from logs: 999-999-999, 2025-01-31 23:30:00, 19.05
INFO - 2025-02-18 14:49:06,075 - Restored reading from logs: 999-999-999, 2025-02-01 00:00:00, 19.15
INFO - 2025-02-18 14:49:06,077 - Restored reading from logs: 999-999-999, 2025-02-01 01:00:00, 19.24
INFO - 2025-02-18 14:49:06,079 - Restored reading from logs: 999-999-999, 2025-02-01 23:30:00, 25.49
INFO - 2025-02-18 14:49:06,080 - Restored reading from logs: 999-999-999, 2025-02-03 00:00:00, 25.59
INFO - 2025-02-18 14:49:06,081 - Restored reading from logs: 999-999-999, 2025-02-03 01:00:00, 25.63
INFO - 2025-02-18 14:49:06,083 - Restored reading from logs: 999-999-999, 2025-02-03 23:30:00, 25.68
INFO - 2025-02-18 14:49:06,085 - Restored reading from logs: 999-999-999, 2025-02-10 00:00:00, 31.89
INFO - 2025-02-18 14:49:06,086 - Restored reading from logs: 999-999-999, 2025-02-10 01:00:00, 31.97
INFO - 2025-02-18 14:49:06,087 - Restored reading from logs: 999-999-999, 2025-02-10 23:30:00, 38.35
INFO - 2025-02-18 14:49:06,089 - Restored reading from logs: 999-999-999, 2025-02-16 00:00:00, 38.4
INFO - 2025-02-18 14:49:06,091 - Restored reading from logs: 999-999-999, 2025-02-16 01:00:00, 38.44
INFO - 2025-02-18 14:49:06,091 - Restored reading from logs: 999-999-999, 2025-02-16 23:30:00, 44.51
INFO - 2025-02-18 14:49:06,093 - Restored reading from logs: 999-999-999, 2025-02-17 00:00:00, 44.64
INFO - 2025-02-18 14:49:06,093 - Restored reading from logs: 999-999-999, 2025-02-17 01:00:00, 44.74
INFO - 2025-02-18 14:49:06,094 - Restored reading from logs: 999-999-999, 2025-02-17 23:30:00, 44.83
INFO - 2025-02-18 14:49:06,094 - Restored reading from logs: 999-999-999, 2025-02-18 00:00:00, 44.85
INFO - 2025-02-18 14:49:06,095 - Restored reading from logs: 999-999-999, 2025-02-18 01:00:00, 44.88
INFO - 2025-02-18 14:49:06,095 - Restored reading from logs: 999-999-999, 2025-02-18 13:00:00, 44.93
INFO - 2025-02-18 14:49:06,095 - Restored reading from logs: 999-999-999, 2025-02-18 13:30:00, 44.98
INFO - 2025-02-18 14:49:06,097 - Restored reading from logs: 999-999-999, 2025-02-18 14:00:00, 45.02
INFO - 2025-02-18 14:49:06,098 - Restored reading from logs: 999-999-999, 2025-02-18 14:30:00, 48.05
INFO - 2025-02-18 14:49:06,098 - Restored reading from logs: 999-999-999, 2025-02-18 15:00:00, 48.16
INFO - 2025-02-18 14:49:06,099 - Restored reading from logs: 999-999-999, 2025-02-18 15:30:00, 48.28
INFO - 2025-02-18 14:49:06,100 - Restored reading from logs: 999-999-999, 2025-02-18 23:30:00, 48.63
INFO - 2025-02-18 14:49:06,100 - Restored reading from logs: 123-456-789, 2025-02-08 02:00:00, 100.6
INFO - 2025-02-18 14:49:06,101 - Restored 35 readings from today's logs
INFO - 2025-02-18 14:49:06,101 - Restored 20 readings from today's logs
INFO - 2025-02-18 14:49:06,104 - Total restored: 2 meter(s), 35 readings
INFO - 2025-02-18 14:49:06,105 - Successfully restored 2 meters and 35 readings
INFO - 2025-02-18 14:49:14,966 - Received request to get consumption for meter ID: 999-999-999, period: today
INFO - 2025-02-18 14:49:14,968 - Consumption retrieved successfully for meter ID: 999-999-999, period: today
INFO - 2025-02-18 14:49:26,213 - Received request to get consumption for meter ID: 999-999-999, period: this_month
INFO - 2025-02-18 14:49:26,215 - Consumption retrieved successfully for meter ID: 999-999-999, period: this_month
